commit 8991c469d8acc0a81c2f320131379fa8c09736a6
Merge: b49cee2 30d5343
Author: GmeloG <goncalomelogoncalves@gmail.com>
Date:   Thu Jun 15 23:21:56 2023 +0100

    Merge branch 'index' of https://github.com/GmeloG/BilheteiraOnline into index

commit b49cee289051799721056b2666c77c87e24589b1
Author: GmeloG <goncalomelogoncalves@gmail.com>
Date:   Thu Jun 15 23:21:37 2023 +0100

    Criar valida├º├úo login e login php

commit 30d53435578f702eda9e36bd4edfe15ae540d234
Merge: 638c202 55790e5
Author: Pedromarkes <pedro-vermelho@hotmail.com>
Date:   Thu Jun 15 22:18:19 2023 +0100

    Merge branch 'index' of https://github.com/GmeloG/BilheteiraOnline into index

commit 638c202ae91cc9fbf36cb866a71cafdc7235716f
Author: Pedromarkes <pedro-vermelho@hotmail.com>
Date:   Thu Jun 15 22:18:11 2023 +0100

    footer na pagina features

commit 55790e555ca65e02b6f36bc8a0bc79bb9d520a58
Merge: e60f100 541c12b
Author: GmeloG <goncalomelogoncalves@gmail.com>
Date:   Thu Jun 15 22:07:03 2023 +0100

    Merge branch 'index' of https://github.com/GmeloG/BilheteiraOnline into index

commit e60f1007f230589f72009ee18997eee46ef5a90d
Author: GmeloG <goncalomelogoncalves@gmail.com>
Date:   Thu Jun 15 22:06:54 2023 +0100

    edi├º├úo login.php

commit 541c12ba597fc483d93158b8f66eeb12d05b2744
Author: Pedromarkes <pedro-vermelho@hotmail.com>
Date:   Thu Jun 15 21:59:02 2023 +0100

    Footer nas pagina features

commit dd274a8787406e3d828508cac79f3b974ff93b5d
Merge: daa21fe 1b25de1
Author: Pedromarkes <pedro-vermelho@hotmail.com>
Date:   Thu Jun 15 21:32:27 2023 +0100

    Merge branch 'index' of https://github.com/GmeloG/BilheteiraOnline into index

commit daa21fe4ef4a23980dca10f1a8b6ffd8925596c7
Author: Pedromarkes <pedro-vermelho@hotmail.com>
Date:   Thu Jun 15 21:32:18 2023 +0100

    adicionado contactos php e novas verificacoes js

commit 1b25de11faa0d125c5316692cc9800f664efb895
Merge: d1bc976 231c112
Author: GmeloG <goncalomelogoncalves@gmail.com>
Date:   Thu Jun 15 21:31:41 2023 +0100

    Merge branch 'index' of https://github.com/GmeloG/BilheteiraOnline into index

commit d1bc976b7bcc6b15e7b59ab4d59d687afdfb6764
Author: GmeloG <goncalomelogoncalves@gmail.com>
Date:   Thu Jun 15 21:31:33 2023 +0100

    Atualiza├º├úo novoregisto  validar email repetidos

commit 231c1126df7252e610f6362ec754e0812da38c3c
Author: Pedromarkes <pedro-vermelho@hotmail.com>
Date:   Thu Jun 15 21:04:29 2023 +0100

    commit sem conflitos

commit 50e898ad94fb0f9907c4915c8439b19a34e78a06
Merge: 913de74 bc0d8a8
Author: Pedromarkes <pedro-vermelho@hotmail.com>
Date:   Thu Jun 15 21:04:24 2023 +0100

    Merge branch 'index' of https://github.com/GmeloG/BilheteiraOnline into index

commit bc0d8a891b11f877668d83aad67e01dfed82f482
Author: GmeloG <goncalomelogoncalves@gmail.com>
Date:   Mon Jun 12 21:39:17 2023 +0100

    Continua├º├úo da novoregisto.php

commit 23cf03ebd31b9096b6b3406d2b72001b45170d47
Author: GmeloG <goncalomelogoncalves@gmail.com>
Date:   Sun Jun 11 13:39:44 2023 +0100

    continua├º├úo do novoregisto.php

commit 4b26a3a1806667b8d6d849b1eb5188bd07bee60c
Author: GmeloG <goncalomelogoncalves@gmail.com>
Date:   Sun Jun 11 12:03:45 2023 +0100

    Adicionar novoregisto.php e cria├º├úo base de dados

commit 08201912a52d24fcabc4e8b6711db452850eae76
Merge: c310ac0 ac296d0
Author: tafonso00 <1151046@isep.ipp.pt>
Date:   Thu Jun 1 23:18:37 2023 +0100

    Merge branch 'index' of https://github.com/GmeloG/BilheteiraOnline into index

commit c310ac013da174b0285aca4e8577ce4fa3144157
Author: tafonso00 <1151046@isep.ipp.pt>
Date:   Thu Jun 1 23:15:02 2023 +0100

    validacao do utlizador

commit ac296d04fd8d490b9034d69168ca415c19d09a2e
Author: GmeloG <goncalomelogoncalves@gmail.com>
Date:   Thu Jun 1 23:12:49 2023 +0100

    adicinar javascript

commit 913de741caefc3f3406c7f62064eaab8775e85f2
Author: Pedromarkes <pedro-vermelho@hotmail.com>
Date:   Thu Jun 1 23:12:29 2023 +0100

    Valida├ºao da pagina de contactos

commit 013c63ea50b64104581b4933650745452bdd1cc6
Author: Pedromarkes <pedro-vermelho@hotmail.com>
Date:   Thu Jun 1 23:11:29 2023 +0100

    Valida├º├úo da pagina de contactos e ficheiro js

commit 4ed66a8cfe30ba2184e5e877f66a55e8a3bb006b
Author: GmeloG <goncalomelogoncalves@gmail.com>
Date:   Thu Jun 1 21:29:52 2023 +0100

    Juntar login a index.html

commit 739195a606969ad9174b51584c3aea4856aaa77d
Author: tafonso00 <1151046@isep.ipp.pt>
Date:   Thu Jun 1 21:15:02 2023 +0100

    acrescentar login

commit e940f8a082502d8fe78fa9f8a13c7144ba472312
Author: GmeloG <goncalomelogoncalves@gmail.com>
Date:   Thu Jun 1 21:09:13 2023 +0100

    Adicionar footer

commit f1f6a6ec0f9bb65121b0909d58105ec1e99d803b
Author: GmeloG <goncalomelogoncalves@gmail.com>
Date:   Thu Jun 1 20:56:01 2023 +0100

    Adi├º├úo do footer

commit 830515c3bab6c5d36578cf17fc8ab258708f8f27
Author: GmeloG <goncalomelogoncalves@gmail.com>
Date:   Sun May 28 21:27:14 2023 +0100

    Fazer o liga├º├úo utilizador

commit c12e492709c53dca31b47026941af6fb069c6d6d
Merge: 86e1fb2 e87bb4b
Author: GmeloG <goncalomelogoncalves@gmail.com>
Date:   Sun May 28 21:21:23 2023 +0100

    Merge commit 'e87bb4bc490b9c52db9c3253d2188e9a36dc3f26' into index

commit 86e1fb241f3789eb1a279f85e8644a2cb37e7018
Author: GmeloG <goncalomelogoncalves@gmail.com>
Date:   Sun May 28 21:15:15 2023 +0100

    Ligar a pagina de compras e features com o index

commit c6b86c8eb8a982a8f2c3d94111dee3fda1a3ce0c
Merge: d8954d3 6a1712d
Author: GmeloG <goncalomelogoncalves@gmail.com>
Date:   Sun May 28 17:57:23 2023 +0100

    adicionar mais vendidos e proximos eventos

commit d8954d3a801739a63a5952d7e3ea3247cf7708fa
Author: Gon├ºalo Melo <goncalomelogoncalves@gmail.com>
Date:   Fri May 26 19:17:34 2023 +0100

    Delete BilheiteiraOnline.zip

commit 72688e85422be1251193106d25ced43265799341
Merge: c4f7284 4c79e5a
Author: Gon├ºalo Melo <goncalomelogoncalves@gmail.com>
Date:   Fri May 26 18:58:27 2023 +0100

    Merge pull request #4 from GmeloG/index
    
    Index

commit 4c79e5a51bb15ff34806809a15ae5becc0217c15
Author: GmeloG <goncalomelogoncalves@gmail.com>
Date:   Fri May 26 18:57:11 2023 +0100

    Modifica├º├úo dos mais vendidos

commit 502bcf6aea581a90b766d9d947c8af6e4fe140bc
Author: GmeloG <goncalomelogoncalves@gmail.com>
Date:   Thu May 25 23:22:27 2023 +0100

    Continua├º├úo Index

commit 6a1712dec4c17660c60092b019997ac0640048d7
Author: Pedromarkes <pedro-vermelho@hotmail.com>
Date:   Thu May 25 23:21:36 2023 +0100

    Final aula
    
    Versao sem o header para acrescentar

commit e87bb4bc490b9c52db9c3253d2188e9a36dc3f26
Author: Gon├ºalo Melo <goncalomelogoncalves@gmail.com>
Date:   Thu May 25 23:07:21 2023 +0100

    Delete login.html

commit ee3d22fc3f14cf3fc9d76289efe425cdbfe4f2f6
Author: Pedromarkes <pedro-vermelho@hotmail.com>
Date:   Thu May 25 23:01:53 2023 +0100

    Style
    
    mudei nome ficheiro

commit c4f72842d0b0db46b06e9050c1b2aabf0b473292
Merge: d0d6ec4 3b97517
Author: Gon├ºalo Melo <goncalomelogoncalves@gmail.com>
Date:   Thu May 25 22:56:48 2023 +0100

    Merge pull request #1 from GmeloG/index
    
    Criar Index.html e meloStyle.css

commit 3b975177fd42e444453922e036f2a8eab9a07daa
Author: GmeloG <goncalomelogoncalves@gmail.com>
Date:   Thu May 25 22:51:04 2023 +0100

    Criar Index.html e meloStyle.css

commit d32d7f40dfab0ae827eb17084476972136f441a5
Author: tafonso00 <1151046@isep.ipp.pt>
Date:   Thu May 25 22:48:42 2023 +0100

    rodape login utilizador contactos

commit 007a9be9682cbd80fdd97cf3cfab2b4d81ee642f
Author: Pedromarkes <pedro-vermelho@hotmail.com>
Date:   Thu May 25 22:47:32 2023 +0100

    1commit
    
    Commit sem o header commum

commit 0b7bed3a24a27c8c830076cd69f082eac8513dcd
Author: tafonso00 <1151046@isep.ipp.pt>
Date:   Wed May 24 21:45:07 2023 +0100

    Construcao do formul├írio

commit d0d6ec474552d4350a2fb069bf5f59c9454a4947
Author: GmeloG <goncalomelogoncalves@gmail.com>
Date:   Mon May 22 21:20:19 2023 +0100

    Pagina inicial incompleta

commit 3073547ca0bcae42018a6c18e19c3681ce700b8c
Merge: 26da688 e520558
Author: GmeloG <goncalomelogoncalves@gmail.com>
Date:   Thu May 18 23:06:52 2023 +0100

    teste

commit 26da688470656fe38ca41d2b2ee57b9ad9615715
Author: GmeloG <goncalomelogoncalves@gmail.com>
Date:   Thu May 18 23:05:06 2023 +0100

    troca de branch

commit 8a8b9c22cc4c787c7b25322dde84d8151a6bfe05
Author: GmeloG <goncalomelogoncalves@gmail.com>
Date:   Thu May 18 22:56:52 2023 +0100

    adicionar pastas e paginas html

commit e520558487406a548d338f5bd809cde556edba6e
Author: tafonso00 <1151046@isep.ipp.pt>
Date:   Thu May 18 16:57:51 2023 +0100

    teste tiago

commit 6efefa1888afcdbe3c3351030d1cc3f9051a3cfb
Author: GmeloG <goncalomelogoncalves@gmail.com>
Date:   Sun May 7 16:43:01 2023 +0100

    Adicionar Diret├│rios

commit 22cd0b4d826bca9bfc5162d8041480a7481c5f96
Author: GmeloG <goncalomelogoncalves@gmail.com>
Date:   Thu May 4 23:19:00 2023 +0100

    teste file.txt

commit 5ed40708169eae2ad556df585e88441dad16787a
Author: tafonso00 <1151046@isep.ipp.pt>
Date:   Thu May 4 22:31:20 2023 +0100

    teste1

commit 911c4460dcf139cd11eca901adecc0fbc34ce168
Author: Gon├ºalo Melo <64694403+GmeloG@users.noreply.github.com>
Date:   Thu May 4 22:23:25 2023 +0100

    teste
